<?xml version="1.0" encoding="UTF-8"?>
<testsuite xmlns:xsi="http://www.w3.org/2001/XMLSchema-instance" xsi:noNamespaceSchemaLocation="https://maven.apache.org/surefire/maven-surefire-plugin/xsd/surefire-test-report.xsd" name="TestSuite" time="13.563" tests="10" errors="0" skipped="0" failures="1">
  <properties>
    <property name="awt.toolkit" value="sun.awt.X11.XToolkit"/>
    <property name="java.specification.version" value="11"/>
    <property name="sun.cpu.isalist" value=""/>
    <property name="sun.jnu.encoding" value="UTF-8"/>
    <property name="java.class.path" value="/home/madhawa/IdeaProjects/RestEasy/target/test-classes:/home/madhawa/IdeaProjects/RestEasy/target/classes:/home/madhawa/.m2/repository/io/rest-assured/rest-assured/4.4.0/rest-assured-4.4.0.jar:/home/madhawa/.m2/repository/org/codehaus/groovy/groovy/3.0.8/groovy-3.0.8.jar:/home/madhawa/.m2/repository/org/codehaus/groovy/groovy-xml/3.0.8/groovy-xml-3.0.8.jar:/home/madhawa/.m2/repository/org/apache/httpcomponents/httpclient/4.5.13/httpclient-4.5.13.jar:/home/madhawa/.m2/repository/org/apache/httpcomponents/httpcore/4.4.13/httpcore-4.4.13.jar:/home/madhawa/.m2/repository/commons-logging/commons-logging/1.2/commons-logging-1.2.jar:/home/madhawa/.m2/repository/org/apache/httpcomponents/httpmime/4.5.13/httpmime-4.5.13.jar:/home/madhawa/.m2/repository/org/hamcrest/hamcrest/2.1/hamcrest-2.1.jar:/home/madhawa/.m2/repository/org/ccil/cowan/tagsoup/tagsoup/1.2.1/tagsoup-1.2.1.jar:/home/madhawa/.m2/repository/io/rest-assured/json-path/4.4.0/json-path-4.4.0.jar:/home/madhawa/.m2/repository/org/codehaus/groovy/groovy-json/3.0.8/groovy-json-3.0.8.jar:/home/madhawa/.m2/repository/io/rest-assured/rest-assured-common/4.4.0/rest-assured-common-4.4.0.jar:/home/madhawa/.m2/repository/io/rest-assured/xml-path/4.4.0/xml-path-4.4.0.jar:/home/madhawa/.m2/repository/org/apache/commons/commons-lang3/3.11/commons-lang3-3.11.jar:/home/madhawa/.m2/repository/jakarta/xml/bind/jakarta.xml.bind-api/2.3.3/jakarta.xml.bind-api-2.3.3.jar:/home/madhawa/.m2/repository/jakarta/activation/jakarta.activation-api/1.2.2/jakarta.activation-api-1.2.2.jar:/home/madhawa/.m2/repository/com/sun/xml/bind/jaxb-impl/2.3.3/jaxb-impl-2.3.3.jar:/home/madhawa/.m2/repository/org/testng/testng/7.4.0/testng-7.4.0.jar:/home/madhawa/.m2/repository/com/beust/jcommander/1.78/jcommander-1.78.jar:/home/madhawa/.m2/repository/org/webjars/jquery/3.5.1/jquery-3.5.1.jar:/home/madhawa/.m2/repository/org/apache/logging/log4j/log4j-api/2.14.1/log4j-api-2.14.1.jar:/home/madhawa/.m2/repository/org/apache/logging/log4j/log4j-core/2.14.1/log4j-core-2.14.1.jar:/home/madhawa/.m2/repository/com/google/code/gson/gson/2.8.5/gson-2.8.5.jar:/home/madhawa/.m2/repository/org/apache/poi/poi/5.0.0/poi-5.0.0.jar:/home/madhawa/.m2/repository/org/slf4j/slf4j-api/1.7.30/slf4j-api-1.7.30.jar:/home/madhawa/.m2/repository/org/slf4j/jcl-over-slf4j/1.7.30/jcl-over-slf4j-1.7.30.jar:/home/madhawa/.m2/repository/commons-codec/commons-codec/1.15/commons-codec-1.15.jar:/home/madhawa/.m2/repository/org/apache/commons/commons-collections4/4.4/commons-collections4-4.4.jar:/home/madhawa/.m2/repository/org/apache/commons/commons-math3/3.6.1/commons-math3-3.6.1.jar:/home/madhawa/.m2/repository/com/zaxxer/SparseBitSet/1.2/SparseBitSet-1.2.jar:/home/madhawa/.m2/repository/org/apache/poi/poi-ooxml/5.0.0/poi-ooxml-5.0.0.jar:/home/madhawa/.m2/repository/org/apache/poi/poi-ooxml-lite/5.0.0/poi-ooxml-lite-5.0.0.jar:/home/madhawa/.m2/repository/org/apache/xmlbeans/xmlbeans/4.0.0/xmlbeans-4.0.0.jar:/home/madhawa/.m2/repository/org/apache/commons/commons-compress/1.20/commons-compress-1.20.jar:/home/madhawa/.m2/repository/com/github/virtuald/curvesapi/1.06/curvesapi-1.06.jar:/home/madhawa/.m2/repository/org/bouncycastle/bcpkix-jdk15on/1.68/bcpkix-jdk15on-1.68.jar:/home/madhawa/.m2/repository/org/bouncycastle/bcprov-jdk15on/1.68/bcprov-jdk15on-1.68.jar:/home/madhawa/.m2/repository/org/apache/santuario/xmlsec/2.2.1/xmlsec-2.2.1.jar:/home/madhawa/.m2/repository/com/fasterxml/woodstox/woodstox-core/5.2.1/woodstox-core-5.2.1.jar:/home/madhawa/.m2/repository/org/codehaus/woodstox/stax2-api/4.2/stax2-api-4.2.jar:/home/madhawa/.m2/repository/org/apache/xmlgraphics/batik-all/1.13/batik-all-1.13.jar:/home/madhawa/.m2/repository/org/apache/xmlgraphics/batik-anim/1.13/batik-anim-1.13.jar:/home/madhawa/.m2/repository/org/apache/xmlgraphics/batik-shared-resources/1.13/batik-shared-resources-1.13.jar:/home/madhawa/.m2/repository/xml-apis/xml-apis-ext/1.3.04/xml-apis-ext-1.3.04.jar:/home/madhawa/.m2/repository/org/apache/xmlgraphics/batik-awt-util/1.13/batik-awt-util-1.13.jar:/home/madhawa/.m2/repository/org/apache/xmlgraphics/xmlgraphics-commons/2.4/xmlgraphics-commons-2.4.jar:/home/madhawa/.m2/repository/commons-io/commons-io/1.3.1/commons-io-1.3.1.jar:/home/madhawa/.m2/repository/org/apache/xmlgraphics/batik-bridge/1.13/batik-bridge-1.13.jar:/home/madhawa/.m2/repository/org/apache/xmlgraphics/batik-codec/1.13/batik-codec-1.13.jar:/home/madhawa/.m2/repository/org/apache/xmlgraphics/batik-constants/1.13/batik-constants-1.13.jar:/home/madhawa/.m2/repository/org/apache/xmlgraphics/batik-css/1.13/batik-css-1.13.jar:/home/madhawa/.m2/repository/org/apache/xmlgraphics/batik-dom/1.13/batik-dom-1.13.jar:/home/madhawa/.m2/repository/xalan/xalan/2.7.2/xalan-2.7.2.jar:/home/madhawa/.m2/repository/xalan/serializer/2.7.2/serializer-2.7.2.jar:/home/madhawa/.m2/repository/xml-apis/xml-apis/1.4.01/xml-apis-1.4.01.jar:/home/madhawa/.m2/repository/org/apache/xmlgraphics/batik-ext/1.13/batik-ext-1.13.jar:/home/madhawa/.m2/repository/org/apache/xmlgraphics/batik-extension/1.13/batik-extension-1.13.jar:/home/madhawa/.m2/repository/org/apache/xmlgraphics/batik-gui-util/1.13/batik-gui-util-1.13.jar:/home/madhawa/.m2/repository/org/apache/xmlgraphics/batik-gvt/1.13/batik-gvt-1.13.jar:/home/madhawa/.m2/repository/org/apache/xmlgraphics/batik-i18n/1.13/batik-i18n-1.13.jar:/home/madhawa/.m2/repository/org/apache/xmlgraphics/batik-parser/1.13/batik-parser-1.13.jar:/home/madhawa/.m2/repository/org/apache/xmlgraphics/batik-rasterizer-ext/1.13/batik-rasterizer-ext-1.13.jar:/home/madhawa/.m2/repository/org/apache/xmlgraphics/batik-rasterizer/1.13/batik-rasterizer-1.13.jar:/home/madhawa/.m2/repository/org/apache/xmlgraphics/batik-script/1.13/batik-script-1.13.jar:/home/madhawa/.m2/repository/org/apache/xmlgraphics/batik-slideshow/1.13/batik-slideshow-1.13.jar:/home/madhawa/.m2/repository/org/apache/xmlgraphics/batik-squiggle-ext/1.13/batik-squiggle-ext-1.13.jar:/home/madhawa/.m2/repository/org/apache/xmlgraphics/batik-squiggle/1.13/batik-squiggle-1.13.jar:/home/madhawa/.m2/repository/org/apache/xmlgraphics/batik-svg-dom/1.13/batik-svg-dom-1.13.jar:/home/madhawa/.m2/repository/org/apache/xmlgraphics/batik-svgbrowser/1.13/batik-svgbrowser-1.13.jar:/home/madhawa/.m2/repository/org/apache/xmlgraphics/batik-svggen/1.13/batik-svggen-1.13.jar:/home/madhawa/.m2/repository/org/apache/xmlgraphics/batik-svgpp/1.13/batik-svgpp-1.13.jar:/home/madhawa/.m2/repository/org/apache/xmlgraphics/batik-svgrasterizer/1.13/batik-svgrasterizer-1.13.jar:/home/madhawa/.m2/repository/org/apache/xmlgraphics/batik-swing/1.13/batik-swing-1.13.jar:/home/madhawa/.m2/repository/org/apache/xmlgraphics/batik-transcoder/1.13/batik-transcoder-1.13.jar:/home/madhawa/.m2/repository/org/apache/xmlgraphics/batik-util/1.13/batik-util-1.13.jar:/home/madhawa/.m2/repository/org/apache/xmlgraphics/batik-ttf2svg/1.13/batik-ttf2svg-1.13.jar:/home/madhawa/.m2/repository/org/apache/xmlgraphics/batik-xml/1.13/batik-xml-1.13.jar:/home/madhawa/.m2/repository/de/rototor/pdfbox/graphics2d/0.30/graphics2d-0.30.jar:/home/madhawa/.m2/repository/org/apache/pdfbox/pdfbox/2.0.22/pdfbox-2.0.22.jar:/home/madhawa/.m2/repository/org/apache/pdfbox/fontbox/2.0.22/fontbox-2.0.22.jar:"/>
    <property name="java.vm.vendor" value="Oracle Corporation"/>
    <property name="sun.arch.data.model" value="64"/>
    <property name="java.vendor.url" value="https://openjdk.java.net/"/>
    <property name="user.timezone" value=""/>
    <property name="suiteXmlFile" value="SmokeTest.xml"/>
    <property name="java.vm.specification.version" value="11"/>
    <property name="os.name" value="Linux"/>
    <property name="sun.java.launcher" value="SUN_STANDARD"/>
    <property name="user.country" value="US"/>
    <property name="sun.boot.library.path" value="/usr/lib64/jvm/java-11-openjdk-11/lib"/>
    <property name="sun.java.command" value="/home/madhawa/IdeaProjects/RestEasy/target/surefire/surefirebooter1622069030629670674.jar /home/madhawa/IdeaProjects/RestEasy/target/surefire 2021-08-05T13-16-24_920-jvmRun1 surefire11327431535190086862tmp surefire_015833116303526688609tmp"/>
    <property name="jdk.debug" value="release"/>
    <property name="surefire.test.class.path" value="/home/madhawa/IdeaProjects/RestEasy/target/test-classes:/home/madhawa/IdeaProjects/RestEasy/target/classes:/home/madhawa/.m2/repository/io/rest-assured/rest-assured/4.4.0/rest-assured-4.4.0.jar:/home/madhawa/.m2/repository/org/codehaus/groovy/groovy/3.0.8/groovy-3.0.8.jar:/home/madhawa/.m2/repository/org/codehaus/groovy/groovy-xml/3.0.8/groovy-xml-3.0.8.jar:/home/madhawa/.m2/repository/org/apache/httpcomponents/httpclient/4.5.13/httpclient-4.5.13.jar:/home/madhawa/.m2/repository/org/apache/httpcomponents/httpcore/4.4.13/httpcore-4.4.13.jar:/home/madhawa/.m2/repository/commons-logging/commons-logging/1.2/commons-logging-1.2.jar:/home/madhawa/.m2/repository/org/apache/httpcomponents/httpmime/4.5.13/httpmime-4.5.13.jar:/home/madhawa/.m2/repository/org/hamcrest/hamcrest/2.1/hamcrest-2.1.jar:/home/madhawa/.m2/repository/org/ccil/cowan/tagsoup/tagsoup/1.2.1/tagsoup-1.2.1.jar:/home/madhawa/.m2/repository/io/rest-assured/json-path/4.4.0/json-path-4.4.0.jar:/home/madhawa/.m2/repository/org/codehaus/groovy/groovy-json/3.0.8/groovy-json-3.0.8.jar:/home/madhawa/.m2/repository/io/rest-assured/rest-assured-common/4.4.0/rest-assured-common-4.4.0.jar:/home/madhawa/.m2/repository/io/rest-assured/xml-path/4.4.0/xml-path-4.4.0.jar:/home/madhawa/.m2/repository/org/apache/commons/commons-lang3/3.11/commons-lang3-3.11.jar:/home/madhawa/.m2/repository/jakarta/xml/bind/jakarta.xml.bind-api/2.3.3/jakarta.xml.bind-api-2.3.3.jar:/home/madhawa/.m2/repository/jakarta/activation/jakarta.activation-api/1.2.2/jakarta.activation-api-1.2.2.jar:/home/madhawa/.m2/repository/com/sun/xml/bind/jaxb-impl/2.3.3/jaxb-impl-2.3.3.jar:/home/madhawa/.m2/repository/org/testng/testng/7.4.0/testng-7.4.0.jar:/home/madhawa/.m2/repository/com/beust/jcommander/1.78/jcommander-1.78.jar:/home/madhawa/.m2/repository/org/webjars/jquery/3.5.1/jquery-3.5.1.jar:/home/madhawa/.m2/repository/org/apache/logging/log4j/log4j-api/2.14.1/log4j-api-2.14.1.jar:/home/madhawa/.m2/repository/org/apache/logging/log4j/log4j-core/2.14.1/log4j-core-2.14.1.jar:/home/madhawa/.m2/repository/com/google/code/gson/gson/2.8.5/gson-2.8.5.jar:/home/madhawa/.m2/repository/org/apache/poi/poi/5.0.0/poi-5.0.0.jar:/home/madhawa/.m2/repository/org/slf4j/slf4j-api/1.7.30/slf4j-api-1.7.30.jar:/home/madhawa/.m2/repository/org/slf4j/jcl-over-slf4j/1.7.30/jcl-over-slf4j-1.7.30.jar:/home/madhawa/.m2/repository/commons-codec/commons-codec/1.15/commons-codec-1.15.jar:/home/madhawa/.m2/repository/org/apache/commons/commons-collections4/4.4/commons-collections4-4.4.jar:/home/madhawa/.m2/repository/org/apache/commons/commons-math3/3.6.1/commons-math3-3.6.1.jar:/home/madhawa/.m2/repository/com/zaxxer/SparseBitSet/1.2/SparseBitSet-1.2.jar:/home/madhawa/.m2/repository/org/apache/poi/poi-ooxml/5.0.0/poi-ooxml-5.0.0.jar:/home/madhawa/.m2/repository/org/apache/poi/poi-ooxml-lite/5.0.0/poi-ooxml-lite-5.0.0.jar:/home/madhawa/.m2/repository/org/apache/xmlbeans/xmlbeans/4.0.0/xmlbeans-4.0.0.jar:/home/madhawa/.m2/repository/org/apache/commons/commons-compress/1.20/commons-compress-1.20.jar:/home/madhawa/.m2/repository/com/github/virtuald/curvesapi/1.06/curvesapi-1.06.jar:/home/madhawa/.m2/repository/org/bouncycastle/bcpkix-jdk15on/1.68/bcpkix-jdk15on-1.68.jar:/home/madhawa/.m2/repository/org/bouncycastle/bcprov-jdk15on/1.68/bcprov-jdk15on-1.68.jar:/home/madhawa/.m2/repository/org/apache/santuario/xmlsec/2.2.1/xmlsec-2.2.1.jar:/home/madhawa/.m2/repository/com/fasterxml/woodstox/woodstox-core/5.2.1/woodstox-core-5.2.1.jar:/home/madhawa/.m2/repository/org/codehaus/woodstox/stax2-api/4.2/stax2-api-4.2.jar:/home/madhawa/.m2/repository/org/apache/xmlgraphics/batik-all/1.13/batik-all-1.13.jar:/home/madhawa/.m2/repository/org/apache/xmlgraphics/batik-anim/1.13/batik-anim-1.13.jar:/home/madhawa/.m2/repository/org/apache/xmlgraphics/batik-shared-resources/1.13/batik-shared-resources-1.13.jar:/home/madhawa/.m2/repository/xml-apis/xml-apis-ext/1.3.04/xml-apis-ext-1.3.04.jar:/home/madhawa/.m2/repository/org/apache/xmlgraphics/batik-awt-util/1.13/batik-awt-util-1.13.jar:/home/madhawa/.m2/repository/org/apache/xmlgraphics/xmlgraphics-commons/2.4/xmlgraphics-commons-2.4.jar:/home/madhawa/.m2/repository/commons-io/commons-io/1.3.1/commons-io-1.3.1.jar:/home/madhawa/.m2/repository/org/apache/xmlgraphics/batik-bridge/1.13/batik-bridge-1.13.jar:/home/madhawa/.m2/repository/org/apache/xmlgraphics/batik-codec/1.13/batik-codec-1.13.jar:/home/madhawa/.m2/repository/org/apache/xmlgraphics/batik-constants/1.13/batik-constants-1.13.jar:/home/madhawa/.m2/repository/org/apache/xmlgraphics/batik-css/1.13/batik-css-1.13.jar:/home/madhawa/.m2/repository/org/apache/xmlgraphics/batik-dom/1.13/batik-dom-1.13.jar:/home/madhawa/.m2/repository/xalan/xalan/2.7.2/xalan-2.7.2.jar:/home/madhawa/.m2/repository/xalan/serializer/2.7.2/serializer-2.7.2.jar:/home/madhawa/.m2/repository/xml-apis/xml-apis/1.4.01/xml-apis-1.4.01.jar:/home/madhawa/.m2/repository/org/apache/xmlgraphics/batik-ext/1.13/batik-ext-1.13.jar:/home/madhawa/.m2/repository/org/apache/xmlgraphics/batik-extension/1.13/batik-extension-1.13.jar:/home/madhawa/.m2/repository/org/apache/xmlgraphics/batik-gui-util/1.13/batik-gui-util-1.13.jar:/home/madhawa/.m2/repository/org/apache/xmlgraphics/batik-gvt/1.13/batik-gvt-1.13.jar:/home/madhawa/.m2/repository/org/apache/xmlgraphics/batik-i18n/1.13/batik-i18n-1.13.jar:/home/madhawa/.m2/repository/org/apache/xmlgraphics/batik-parser/1.13/batik-parser-1.13.jar:/home/madhawa/.m2/repository/org/apache/xmlgraphics/batik-rasterizer-ext/1.13/batik-rasterizer-ext-1.13.jar:/home/madhawa/.m2/repository/org/apache/xmlgraphics/batik-rasterizer/1.13/batik-rasterizer-1.13.jar:/home/madhawa/.m2/repository/org/apache/xmlgraphics/batik-script/1.13/batik-script-1.13.jar:/home/madhawa/.m2/repository/org/apache/xmlgraphics/batik-slideshow/1.13/batik-slideshow-1.13.jar:/home/madhawa/.m2/repository/org/apache/xmlgraphics/batik-squiggle-ext/1.13/batik-squiggle-ext-1.13.jar:/home/madhawa/.m2/repository/org/apache/xmlgraphics/batik-squiggle/1.13/batik-squiggle-1.13.jar:/home/madhawa/.m2/repository/org/apache/xmlgraphics/batik-svg-dom/1.13/batik-svg-dom-1.13.jar:/home/madhawa/.m2/repository/org/apache/xmlgraphics/batik-svgbrowser/1.13/batik-svgbrowser-1.13.jar:/home/madhawa/.m2/repository/org/apache/xmlgraphics/batik-svggen/1.13/batik-svggen-1.13.jar:/home/madhawa/.m2/repository/org/apache/xmlgraphics/batik-svgpp/1.13/batik-svgpp-1.13.jar:/home/madhawa/.m2/repository/org/apache/xmlgraphics/batik-svgrasterizer/1.13/batik-svgrasterizer-1.13.jar:/home/madhawa/.m2/repository/org/apache/xmlgraphics/batik-swing/1.13/batik-swing-1.13.jar:/home/madhawa/.m2/repository/org/apache/xmlgraphics/batik-transcoder/1.13/batik-transcoder-1.13.jar:/home/madhawa/.m2/repository/org/apache/xmlgraphics/batik-util/1.13/batik-util-1.13.jar:/home/madhawa/.m2/repository/org/apache/xmlgraphics/batik-ttf2svg/1.13/batik-ttf2svg-1.13.jar:/home/madhawa/.m2/repository/org/apache/xmlgraphics/batik-xml/1.13/batik-xml-1.13.jar:/home/madhawa/.m2/repository/de/rototor/pdfbox/graphics2d/0.30/graphics2d-0.30.jar:/home/madhawa/.m2/repository/org/apache/pdfbox/pdfbox/2.0.22/pdfbox-2.0.22.jar:/home/madhawa/.m2/repository/org/apache/pdfbox/fontbox/2.0.22/fontbox-2.0.22.jar:"/>
    <property name="sun.cpu.endian" value="little"/>
    <property name="user.home" value="/home/madhawa"/>
    <property name="user.language" value="en"/>
    <property name="java.specification.vendor" value="Oracle Corporation"/>
    <property name="java.version.date" value="2021-07-20"/>
    <property name="java.home" value="/usr/lib64/jvm/java-11-openjdk-11"/>
    <property name="file.separator" value="/"/>
    <property name="basedir" value="/home/madhawa/IdeaProjects/RestEasy"/>
    <property name="java.vm.compressedOopsMode" value="Zero based"/>
    <property name="line.separator" value="&#10;"/>
    <property name="java.specification.name" value="Java Platform API Specification"/>
    <property name="java.vm.specification.vendor" value="Oracle Corporation"/>
    <property name="java.awt.graphicsenv" value="sun.awt.X11GraphicsEnvironment"/>
    <property name="surefire.real.class.path" value="/home/madhawa/IdeaProjects/RestEasy/target/surefire/surefirebooter1622069030629670674.jar"/>
    <property name="sun.management.compiler" value="HotSpot 64-Bit Tiered Compilers"/>
    <property name="java.runtime.version" value="11.0.12+7-suse-1.1-x8664"/>
    <property name="user.name" value="madhawa"/>
    <property name="path.separator" value=":"/>
    <property name="os.version" value="5.13.4-1-default"/>
    <property name="java.runtime.name" value="OpenJDK Runtime Environment"/>
    <property name="file.encoding" value="UTF-8"/>
    <property name="java.vm.name" value="OpenJDK 64-Bit Server VM"/>
    <property name="localRepository" value="/home/madhawa/.m2/repository"/>
    <property name="java.vendor.url.bug" value="https://bugreport.java.com/bugreport/"/>
    <property name="java.io.tmpdir" value="/tmp"/>
    <property name="java.version" value="11.0.12"/>
    <property name="user.dir" value="/home/madhawa/IdeaProjects/RestEasy"/>
    <property name="os.arch" value="amd64"/>
    <property name="java.vm.specification.name" value="Java Virtual Machine Specification"/>
    <property name="java.awt.printerjob" value="sun.print.PSPrinterJob"/>
    <property name="sun.os.patch.level" value="unknown"/>
    <property name="environment" value="https://price00.wapp.com/price"/>
    <property name="java.library.path" value="/usr/java/packages/lib:/usr/lib64:/lib64:/lib:/usr/lib"/>
    <property name="java.vm.info" value="mixed mode"/>
    <property name="java.vendor" value="Oracle Corporation"/>
    <property name="java.vm.version" value="11.0.12+7-suse-1.1-x8664"/>
    <property name="sun.io.unicode.encoding" value="UnicodeLittle"/>
    <property name="java.class.version" value="55.0"/>
  </properties>
  <testcase name="status200AndContentJSON" classname="wapp.WAPP_StaticTreeAPI" time="3.371"/>
  <testcase name="status200AndContentJSON" classname="wapp.WAPP_LocationTreeAPI" time="0.932"/>
  <testcase name="status200AndContentJSON" classname="wapp.WAPP_FCOCountriesAPI" time="1.072"/>
  <testcase name="status200AndContentJSON" classname="wapp.WAPP_FCOCountriesAllAPI" time="1.222"/>
  <testcase name="status200AndContentJSON" classname="wapp.WAPP_PriceStaticTreeAPI" time="1.728"/>
  <testcase name="status200AndContentJSON" classname="wapp.WAPP_FCOStaticVersionExpireAPI" time="0.368"/>
  <testcase name="status200AndContentJSON" classname="wapp.WAPP_PriceStatusAPI" time="1.138"/>
  <testcase name="status200AndContentJSON" classname="wapp.WAPP_PriceChangeLogsAPI" time="1.177"/>
  <testcase name="status200AndContentJSON" classname="wapp.WAPP_FactorPopup" time="0.95">
    <failure message="1 expectation failed.&#10;Expected content-type &quot;JSON&quot; doesn&apos;t match actual content-type &quot;&quot;.&#10;" type="java.lang.AssertionError">java.lang.AssertionError: 
1 expectation failed.
Expected content-type "JSON" doesn't match actual content-type "".

	at wapp.WAPP_FactorPopup.status200AndContentJSON(WAPP_FactorPopup.java:29)
</failure>
    <system-out><![CDATA[Request URI:	https://price00.wapp.com/price/factor/popup?GADGET_COVER=1&TRIP_EXCESS=50&FCDO_COVER=4&token=3634
]]></system-out>
  </testcase>
  <testcase name="status200AndContentJSON" classname="wapp.WAPP_FactorPopupAll" time="1.133"/>
</testsuite>