<?xml version="1.0" encoding="UTF-8"?>
<!-- Generated by org.testng.reporters.JUnitReportReporter -->
<testsuite hostname="localhost.localdomain" failures="0" tests="1" name="wapp.WAPP_StaticTreeAPI" time="3.181" errors="0" timestamp="2021-08-05T13:16:38 IST" skipped="0">
  <testcase classname="wapp.WAPP_StaticTreeAPI" name="status200AndContentJSON" time="3.181"/>
  <system-out/>
</testsuite> <!-- wapp.WAPP_StaticTreeAPI -->
